<?xml version="1.0" encoding="UTF-8"?>
<!-- Generated by org.testng.reporters.JUnitXMLReporter -->
<testsuite ignored="0" hostname="BIREN" failures="1" tests="3" name="Chrome Test" time="14.119" errors="0" timestamp="2025-08-22T18:16:06 IST">
  <testcase classname="testcases.LoginTests" name="testCheck" time="0.014">
    <skipped/>
  </testcase> <!-- testCheck -->
  <testcase classname="testcases.LoginTests" name="testCheck" time="0.001">
    <skipped/>
  </testcase> <!-- testCheck -->
  <testcase classname="testcases.LoginTests" name="testCheck" time="0.001">
    <failure type="java.lang.AssertionError" message="Failing intentionally expected [true] but found [false]">
      <![CDATA[java.lang.AssertionError: Failing intentionally expected [true] but found [false]
at testcases.LoginTests.testCheck(LoginTests.java:37)
at java.base/java.util.ArrayList.forEach(ArrayList.java:1596)
at java.base/java.util.concurrent.FutureTask.run(FutureTask.java:317)
at java.base/java.util.concurrent.ThreadPoolExecutor.runWorker(ThreadPoolExecutor.java:1144)
at java.base/java.util.concurrent.ThreadPoolExecutor$Worker.run(ThreadPoolExecutor.java:642)
at java.base/java.lang.Thread.run(Thread.java:1583)
... Removed 18 stack frames]]>
    </failure>
  </testcase> <!-- testCheck -->
</testsuite> <!-- Chrome Test -->
